#
# A fatal error has been detected by the Java Runtime Environment:
#
#  Internal Error (javaClasses.cpp:129), pid=7936, tid=10268
#  fatal error: Invalid layout of preloaded class
#
# JRE version: 7.0_25-b17
# Java VM: Java HotSpot(TM) 64-Bit Server VM (23.25-b01 mixed mode windows-amd64 compressed oops)
# Failed to write core dump. Minidumps are not enabled by default on client versions of Windows
#
# If you would like to submit a bug report, please visit:
#   http://bugreport.sun.com/bugreport/crash.jsp
#

---------------  T H R E A D  ---------------

Current thread (0x00000000025be800):  JavaThread "Unknown thread" [_thread_in_vm, id=10268, stack(0x0000000002690000,0x0000000002790000)]

Stack: [0x0000000002690000,0x0000000002790000]

---------------  P R O C E S S  ---------------

Java Threads: ( => current thread )

Other Threads:

=>0x00000000025be800 (exited) JavaThread "Unknown thread" [_thread_in_vm, id=10268, stack(0x0000000002690000,0x0000000002790000)]

VM state:not at safepoint (not fully initialized)

VM Mutex/Monitor currently owned by a thread: None

GC Heap History (0 events):
No events

Deoptimization events (0 events):
No events

Internal exceptions (0 events):
No events

Events (10 events):
Event: 0.010 loading class 0x00000000027e2d10 done
Event: 0.010 loading class 0x00000000027a5510 done
Event: 0.010 loading class 0x00000000027a4f10
Event: 0.011 loading class 0x000000000b9616f0
Event: 0.011 loading class 0x000000000b9616f0 done
Event: 0.011 loading class 0x000000000b961170
Event: 0.011 loading class 0x000000000b961170 done
Event: 0.011 loading class 0x000000000b9622c0
Event: 0.011 loading class 0x000000000b9622c0 done
Event: 0.011 loading class 0x00000000027a4f10 done


Dynamic libraries:
0x00007ff7a3740000 - 0x00007ff7a3773000 	C:\Program Files\Java\jre7\bin\javaw.exe
0x00007ffd479b0000 - 0x00007ffd47b59000 	C:\WINDOWS\SYSTEM32\ntdll.dll
0x00007ffd456c0000 - 0x00007ffd457f9000 	C:\WINDOWS\system32\KERNEL32.DLL
0x00007ffd44fe0000 - 0x00007ffd450ee000 	C:\WINDOWS\system32\KERNELBASE.dll
0x00007ffd43960000 - 0x00007ffd439eb000 	C:\WINDOWS\system32\apphelp.dll
0x00007ffd38a40000 - 0x00007ffd38a8c000 	C:\WINDOWS\AppPatch\AppPatch64\AcGenral.DLL
0x00007ffd45de0000 - 0x00007ffd45e87000 	C:\WINDOWS\system32\msvcrt.dll
0x00007ffd44b10000 - 0x00007ffd44b3b000 	C:\WINDOWS\SYSTEM32\SspiCli.dll
0x00007ffd45660000 - 0x00007ffd456b1000 	C:\WINDOWS\system32\SHLWAPI.dll
0x00007ffd46150000 - 0x00007ffd462c1000 	C:\WINDOWS\system32\USER32.dll
0x00007ffd45420000 - 0x00007ffd45596000 	C:\WINDOWS\system32\ole32.dll
0x00007ffd462d0000 - 0x00007ffd476df000 	C:\WINDOWS\system32\SHELL32.dll
0x00007ffd44340000 - 0x00007ffd4435f000 	C:\WINDOWS\SYSTEM32\USERENV.dll
0x00007ffd459f0000 - 0x00007ffd45a95000 	C:\WINDOWS\system32\ADVAPI32.dll
0x00007ffd38ac0000 - 0x00007ffd38adb000 	C:\WINDOWS\SYSTEM32\MPR.dll
0x00007ffd458b0000 - 0x00007ffd459e6000 	C:\WINDOWS\system32\RPCRT4.dll
0x00007ffd45ab0000 - 0x00007ffd45b07000 	C:\WINDOWS\SYSTEM32\sechost.dll
0x00007ffd45b40000 - 0x00007ffd45d17000 	C:\WINDOWS\SYSTEM32\combase.dll
0x00007ffd476e0000 - 0x00007ffd47825000 	C:\WINDOWS\system32\GDI32.dll
0x00007ffd44d30000 - 0x00007ffd44d44000 	C:\WINDOWS\SYSTEM32\profapi.dll
0x00007ffd43380000 - 0x00007ffd43421000 	C:\WINDOWS\SYSTEM32\SHCORE.dll
0x00007ffd47830000 - 0x00007ffd47864000 	C:\WINDOWS\system32\IMM32.DLL
0x00007ffd47870000 - 0x00007ffd479a8000 	C:\WINDOWS\system32\MSCTF.dll
0x00007ffd42b60000 - 0x00007ffd42dba000 	C:\WINDOWS\WinSxS\amd64_microsoft.windows.common-controls_6595b64144ccf1df_6.0.9600.16384_none_62475f7becb72503\COMCTL32.dll
0x00000000533c0000 - 0x0000000053491000 	C:\Program Files\Java\jre7\bin\msvcr100.dll
0x0000000052cb0000 - 0x00000000533bf000 	C:\Program Files\Java\jre7\bin\server\jvm.dll
0x00007ffd3c4a0000 - 0x00007ffd3c4a9000 	C:\WINDOWS\SYSTEM32\WSOCK32.dll
0x00007ffd3d390000 - 0x00007ffd3d3af000 	C:\WINDOWS\SYSTEM32\WINMM.dll
0x00007ffd455b0000 - 0x00007ffd455b7000 	C:\WINDOWS\system32\PSAPI.DLL
0x00007ffd460f0000 - 0x00007ffd46148000 	C:\WINDOWS\system32\WS2_32.dll
0x00007ffd3d330000 - 0x00007ffd3d35a000 	C:\WINDOWS\SYSTEM32\WINMMBASE.dll
0x00007ffd45b10000 - 0x00007ffd45b19000 	C:\WINDOWS\system32\NSI.dll
0x00007ffd451f0000 - 0x00007ffd4523a000 	C:\WINDOWS\SYSTEM32\cfgmgr32.dll
0x00007ffd43be0000 - 0x00007ffd43c06000 	C:\WINDOWS\SYSTEM32\DEVOBJ.dll
0x00000000536c0000 - 0x00000000536cf000 	C:\Program Files\Java\jre7\bin\verify.dll
0x0000000053690000 - 0x00000000536b8000 	C:\Program Files\Java\jre7\bin\java.dll
0x0000000053550000 - 0x0000000053565000 	C:\Program Files\Java\jre7\bin\zip.dll

VM Arguments:
jvm_args: -Dfile.encoding=Cp1252 -Xbootclasspath:C:\android-sdk-windows\sdk\platforms\android-18\android.jar 
java_command: co.tshock.manager.DatabaseConfigUtil
Launcher Type: SUN_STANDARD

Environment Variables:
JAVA_HOME=C:\Program Files\Java\jdk1.7.0_25
PATH=c:\Program Files (x86)\Intel\iCLS Client\;c:\Program Files\Intel\iCLS Client\;c:\Program Files (x86)\AMD APP\bin\x86_64;c:\Program Files (x86)\AMD APP\bin\x86;C:\WINDOWS\system32;C:\WINDOWS;C:\WINDOWS\System32\Wbem;C:\WINDOWS\System32\WindowsPowerShell\v1.0\;c:\Program Files (x86)\ATI Technologies\ATI.ACE\Core-Static;C:\Program Files\Intel\Intel(R) Management Engine Components\DAL;C:\Program Files\Intel\Intel(R) Management Engine Components\IPT;C:\Program Files (x86)\Intel\Intel(R) Management Engine Components\DAL;C:\Program Files (x86)\Intel\Intel(R) Management Engine Components\IPT;C:\Program Files\Intel\WiFi\bin\;C:\Program Files\Common Files\Intel\WirelessCommon\;C:\Program Files (x86)\Windows Live\Shared;C:\Program Files\PHP\5.5.1;C:\ProgramData\Composer\bin;C:\Program Files (x86)\Git\cmd;C:\Program Files (x86)\Git\bin;C:\Program Files (x86)\nodejs\;C:\android-sdk-windows\sdk\platform-tools;C:\android-sdk-windows\sdk\tools;C:\Program Files\Microsoft\Web Platform Installer\;C:\Program Files (x86)\Microsoft ASP.NET\ASP.NET Web Pages\v1.0\;C:\Program Files (x86)\Windows Kits\8.0\Windows Performance Toolkit\;C:\Program Files\Microsoft SQL Server\110\Tools\Binn\;c:\Program Files (x86)\Microsoft SQL Server\100\Tools\Binn\;c:\Program Files\Microsoft SQL Server\100\Tools\Binn\;c:\Program Files\Microsoft SQL Server\100\DTS\Binn\;C:\Program Files (x86)\MySQL\MySQL Utilities 1.3.4\;C:\Program Files\Apache\Ant\bin;C:\Program Files\Apache\Maven\bin;C:\Program Files\PHP\5.5.1\pear;C:\Program Files (x86)\Graphviz2.34\bin;C:\Python33\;C:\Program Files\Java\jdk1.7.0_25\bin;C:\Program Files (x86)\Autodesk\Backburner\;C:\Ruby200-x64\bin;C:\Users\Koen\AppData\Roaming\npm
USERNAME=Koen
OS=Windows_NT
PROCESSOR_IDENTIFIER=Intel64 Family 6 Model 58 Stepping 9, GenuineIntel



---------------  S Y S T E M  ---------------

OS: Windows 8 , 64 bit Build 9200 

CPU:total 8 (4 cores per cpu, 2 threads per core) family 6 model 58 stepping 9, cmov, cx8, fxsr, mmx, sse, sse2, sse3, ssse3, sse4.1, sse4.2, popcnt, avx, ht, tsc, tscinvbit, tscinv

Memory: 4k page, physical 8254740k(1911744k free), swap 11252424k(2011840k free)

vm_info: Java HotSpot(TM) 64-Bit Server VM (23.25-b01) for windows-amd64 JRE (1.7.0_25-b17), built on Jun 21 2013 12:58:32 by "java_re" with unknown MS VC++:1600

time: Sun Oct 20 13:27:41 2013
elapsed time: 0 seconds

